0 info it worked if it ends with ok
1 verbose cli [ 'node', '/usr/local/bin/npm', 'install', 'normalize-scss' ]
2 info using npm@2.1.6
3 info using node@v0.10.30
4 silly cache add args [ 'normalize-scss', null ]
5 verbose cache add spec normalize-scss
6 silly cache add parsed spec { raw: 'normalize-scss',
6 silly cache add   scope: null,
6 silly cache add   name: 'normalize-scss',
6 silly cache add   rawSpec: '',
6 silly cache add   spec: '*',
6 silly cache add   type: 'range' }
7 verbose addNamed normalize-scss@*
8 silly addNamed semver.valid null
9 silly addNamed semver.validRange *
10 silly addNameRange { name: 'normalize-scss', range: '*', hasData: false }
11 verbose mapToRegistry name normalize-scss
12 verbose mapToRegistry uri https://registry.npmjs.org/normalize-scss
13 verbose addNameRange registry:https://registry.npmjs.org/normalize-scss not in flight; fetching
14 verbose request on initialization, where is /normalize-scss
15 verbose request after pass 1, where is /normalize-scss
16 verbose request url raw /normalize-scss
17 verbose request resolving registry [ 'https://registry.npmjs.org/', './normalize-scss' ]
18 verbose request after pass 2, where is https://registry.npmjs.org/normalize-scss
19 verbose request no auth needed
20 info attempt registry request try #1 at 16:54:32
21 verbose request id c3b3a956f28ef541
22 http request GET https://registry.npmjs.org/normalize-scss
23 http 404 https://registry.npmjs.org/normalize-scss
24 verbose headers { date: 'Tue, 04 Nov 2014 16:54:33 GMT',
24 verbose headers   server: 'CouchDB/1.5.0 (Erlang OTP/R16B03)',
24 verbose headers   'content-type': 'application/json',
24 verbose headers   'cache-control': 'max-age=0',
24 verbose headers   'content-length': '52',
24 verbose headers   'accept-ranges': 'bytes',
24 verbose headers   via: '1.1 varnish',
24 verbose headers   age: '0',
24 verbose headers   'x-served-by': 'cache-lhr6334-LHR',
24 verbose headers   'x-cache': 'MISS',
24 verbose headers   'x-cache-hits': '0',
24 verbose headers   'x-timer': 'S1415120073.361887,VS0,VE353',
24 verbose headers   'keep-alive': 'timeout=10, max=50',
24 verbose headers   connection: 'Keep-Alive' }
25 silly registry.get cb [ 404,
25 silly registry.get   { date: 'Tue, 04 Nov 2014 16:54:33 GMT',
25 silly registry.get     server: 'CouchDB/1.5.0 (Erlang OTP/R16B03)',
25 silly registry.get     'content-type': 'application/json',
25 silly registry.get     'cache-control': 'max-age=0',
25 silly registry.get     'content-length': '52',
25 silly registry.get     'accept-ranges': 'bytes',
25 silly registry.get     via: '1.1 varnish',
25 silly registry.get     age: '0',
25 silly registry.get     'x-served-by': 'cache-lhr6334-LHR',
25 silly registry.get     'x-cache': 'MISS',
25 silly registry.get     'x-cache-hits': '0',
25 silly registry.get     'x-timer': 'S1415120073.361887,VS0,VE353',
25 silly registry.get     'keep-alive': 'timeout=10, max=50',
25 silly registry.get     connection: 'Keep-Alive' } ]
26 verbose stack Error: 404 Not Found: normalize-scss
26 verbose stack     at RegClient.<anonymous> (/usr/local/lib/node_modules/npm/node_modules/npm-registry-client/lib/request.js:258:14)
26 verbose stack     at Request._callback (/usr/local/lib/node_modules/npm/node_modules/npm-registry-client/lib/request.js:197:65)
26 verbose stack     at Request.self.callback (/usr/local/lib/node_modules/npm/node_modules/request/request.js:364:22)
26 verbose stack     at Request.emit (events.js:98:17)
26 verbose stack     at Request.<anonymous> (/usr/local/lib/node_modules/npm/node_modules/request/request.js:1318:14)
26 verbose stack     at Request.emit (events.js:117:20)
26 verbose stack     at IncomingMessage.<anonymous> (/usr/local/lib/node_modules/npm/node_modules/request/request.js:1266:12)
26 verbose stack     at IncomingMessage.emit (events.js:117:20)
26 verbose stack     at _stream_readable.js:938:16
26 verbose stack     at process._tickCallback (node.js:419:13)
27 verbose statusCode 404
28 verbose pkgid normalize-scss
29 verbose cwd /Applications/XAMPP/xamppfiles/htdocs/bigandy.github.io
30 error Darwin 14.0.0
31 error argv "node" "/usr/local/bin/npm" "install" "normalize-scss"
32 error node v0.10.30
33 error npm  v2.1.6
34 error code E404
35 error 404 Not Found: normalize-scss
35 error 404
35 error 404 'normalize-scss' is not in the npm registry.
35 error 404 You should bug the author to publish it (or use the name yourself!)
35 error 404 It was specified as a dependency of 'bigandy-github-page'
35 error 404
35 error 404 Note that you can also install from a
35 error 404 tarball, folder, http url, or git url.
36 verbose exit [ 1, true ]
